<?xml version="1.0" encoding="UTF-8"?>
<robot generator="Robot 6.0.1 (Python 3.10.7 on win32)" generated="20230210 09:11:07.080" rpa="false" schemaversion="3">
<suite id="s1" name="Test02" source="c:\Users\chula\OneDrive\Desktop\Robot_Project3\Test_Cases\Test02.robot">
<test id="s1-t1" name="Test Reserver une demo gratuite" line="13">
<kw name="Lancer le navigateur" type="SETUP">
<kw name="Open Browser" library="SeleniumLibrary">
<arg>${URL}</arg>
<arg>${BROWSER}</arg>
<doc>Opens a new browser instance to the optional ``url``.</doc>
<msg timestamp="20230210 09:11:07.443" level="INFO">Opening browser 'chrome' to base url 'https://opensource-demo.orangehrmlive.com/web/index.php/auth/login'.</msg>
<status status="PASS" starttime="20230210 09:11:07.441" endtime="20230210 09:11:14.442"/>
</kw>
<kw name="Maximize Browser Window" library="SeleniumLibrary">
<doc>Maximizes current browser window.</doc>
<status status="PASS" starttime="20230210 09:11:14.442" endtime="20230210 09:11:14.565"/>
</kw>
<kw name="Set Selenium Timeout" library="SeleniumLibrary">
<arg>10</arg>
<doc>Sets the timeout that is used by various keywords.</doc>
<status status="PASS" starttime="20230210 09:11:14.566" endtime="20230210 09:11:14.567"/>
</kw>
<status status="PASS" starttime="20230210 09:11:07.439" endtime="20230210 09:11:14.568"/>
</kw>
<kw name="Cliquer le lien OrangeHRM.Inc">
<kw name="Set Selenium Timeout" library="SeleniumLibrary">
<arg>10</arg>
<doc>Sets the timeout that is used by various keywords.</doc>
<status status="PASS" starttime="20230210 09:11:14.570" endtime="20230210 09:11:14.573"/>
</kw>
<kw name="Sleep" library="BuiltIn">
<arg>5</arg>
<doc>Pauses the test executed for the given time.</doc>
<msg timestamp="20230210 09:11:19.584" level="INFO">Slept 5 seconds</msg>
<status status="PASS" starttime="20230210 09:11:14.573" endtime="20230210 09:11:19.584"/>
</kw>
<kw name="Click Element" library="SeleniumLibrary">
<arg>xpath://a[@href='http://www.orangehrm.com' and text()='OrangeHRM, Inc']</arg>
<doc>Click the element identified by ``locator``.</doc>
<msg timestamp="20230210 09:11:19.587" level="INFO">Clicking element 'xpath://a[@href='http://www.orangehrm.com' and text()='OrangeHRM, Inc']'.</msg>
<status status="PASS" starttime="20230210 09:11:19.585" endtime="20230210 09:11:19.683"/>
</kw>
<status status="PASS" starttime="20230210 09:11:14.568" endtime="20230210 09:11:19.684"/>
</kw>
<kw name="Switcher vers une autre fenetre">
<kw name="Get Window Handles" library="SeleniumLibrary">
<var>@{ListFenetres}</var>
<doc>Returns all child window handles of the selected browser as a list.</doc>
<msg timestamp="20230210 09:11:19.702" level="INFO">@{ListFenetres} = [ CDwindow-D8ACB84969226A06C4B3A42A0AEF1B09 | CDwindow-DB5D51570DE143F002E1CEA5132313C2 ]</msg>
<status status="PASS" starttime="20230210 09:11:19.686" endtime="20230210 09:11:19.703"/>
</kw>
<kw name="Log To Console" library="BuiltIn">
<arg>@{ListFenetres}</arg>
<doc>Logs the given message to the console.</doc>
<status status="PASS" starttime="20230210 09:11:19.703" endtime="20230210 09:11:19.705"/>
</kw>
<kw name="Switch Window" library="SeleniumLibrary">
<arg>${ListFenetres}[1]</arg>
<doc>Switches to browser window matching ``locator``.</doc>
<status status="PASS" starttime="20230210 09:11:19.705" endtime="20230210 09:11:19.771"/>
</kw>
<status status="PASS" starttime="20230210 09:11:19.685" endtime="20230210 09:11:19.772"/>
</kw>
<kw name="Reserver sur une demo gratuite">
<kw name="Click Button" library="SeleniumLibrary">
<arg>xpath://div[@class='d-flex web-menu-btn']//button[@class='btn btn-ohrm btn-contact-sales']</arg>
<doc>Clicks the button identified by ``locator``.</doc>
<msg timestamp="20230210 09:11:19.778" level="INFO">Clicking button 'xpath://div[@class='d-flex web-menu-btn']//button[@class='btn btn-ohrm btn-contact-sales']'.</msg>
<status status="PASS" starttime="20230210 09:11:19.776" endtime="20230210 09:11:22.925"/>
</kw>
<kw name="Input Text" library="SeleniumLibrary">
<arg>id:Form_getForm_FullName</arg>
<arg>Nurla</arg>
<doc>Types the given ``text`` into the text field identified by ``locator``.</doc>
<msg timestamp="20230210 09:11:22.926" level="INFO">Typing text 'Nurla' into text field 'id:Form_getForm_FullName'.</msg>
<status status="PASS" starttime="20230210 09:11:22.925" endtime="20230210 09:11:23.119"/>
</kw>
<kw name="Input Text" library="SeleniumLibrary">
<arg>css:#Form_getForm_Email</arg>
<arg>chulakov11@yahoo.com</arg>
<doc>Types the given ``text`` into the text field identified by ``locator``.</doc>
<msg timestamp="20230210 09:11:23.121" level="INFO">Typing text 'chulakov11@yahoo.com' into text field 'css:#Form_getForm_Email'.</msg>
<status status="PASS" starttime="20230210 09:11:23.119" endtime="20230210 09:11:23.256"/>
</kw>
<kw name="Input Text" library="SeleniumLibrary">
<arg>css:#Form_getForm_Contact</arg>
<arg>5142223333</arg>
<doc>Types the given ``text`` into the text field identified by ``locator``.</doc>
<msg timestamp="20230210 09:11:23.258" level="INFO">Typing text '5142223333' into text field 'css:#Form_getForm_Contact'.</msg>
<status status="PASS" starttime="20230210 09:11:23.257" endtime="20230210 09:11:23.368"/>
</kw>
<kw name="Click Element" library="SeleniumLibrary">
<arg>//div[@class='recaptcha-checkbox-border']</arg>
<doc>Click the element identified by ``locator``.</doc>
<msg timestamp="20230210 09:11:23.370" level="INFO">Clicking element '//div[@class='recaptcha-checkbox-border']'.</msg>
<msg timestamp="20230210 09:11:23.909" level="INFO" html="true">&lt;/td&gt;&lt;/tr&gt;&lt;tr&gt;&lt;td colspan="3"&gt;&lt;a href="selenium-screenshot-22.png"&gt;&lt;img src="selenium-screenshot-22.png" width="800px"&gt;&lt;/a&gt;</msg>
<msg timestamp="20230210 09:11:23.910" level="FAIL">Element with locator '//div[@class='recaptcha-checkbox-border']' not found.</msg>
<status status="FAIL" starttime="20230210 09:11:23.369" endtime="20230210 09:11:23.934"/>
</kw>
<kw name="Sleep" library="BuiltIn">
<arg>3</arg>
<doc>Pauses the test executed for the given time.</doc>
<status status="NOT RUN" starttime="20230210 09:11:23.934" endtime="20230210 09:11:23.935"/>
</kw>
<kw name="Click Element" library="SeleniumLibrary">
<arg>xpath://input[@value='Submit' and @id='Form_getForm_action_submitForm']</arg>
<doc>Click the element identified by ``locator``.</doc>
<status status="NOT RUN" starttime="20230210 09:11:23.935" endtime="20230210 09:11:23.935"/>
</kw>
<kw name="Page Should Contain" library="SeleniumLibrary">
<arg>See the endless posibilities with OrangeHRM.</arg>
<doc>Verifies that current page contains ``text``.</doc>
<status status="NOT RUN" starttime="20230210 09:11:23.936" endtime="20230210 09:11:23.936"/>
</kw>
<status status="FAIL" starttime="20230210 09:11:19.775" endtime="20230210 09:11:23.936"/>
</kw>
<kw name="Close Browser" library="SeleniumLibrary" type="TEARDOWN">
<doc>Closes the current browser.</doc>
<status status="PASS" starttime="20230210 09:11:23.938" endtime="20230210 09:11:26.336"/>
</kw>
<status status="FAIL" starttime="20230210 09:11:07.438" endtime="20230210 09:11:26.337">Element with locator '//div[@class='recaptcha-checkbox-border']' not found.</status>
</test>
<doc>Expliquer</doc>
<status status="FAIL" starttime="20230210 09:11:07.087" endtime="20230210 09:11:26.339"/>
</suite>
<statistics>
<total>
<stat pass="0" fail="1" skip="0">All Tests</stat>
</total>
<tag>
</tag>
<suite>
<stat pass="0" fail="1" skip="0" id="s1" name="Test02">Test02</stat>
</suite>
</statistics>
<errors>
</errors>
</robot>
