<?xml version="1.0" encoding="UTF-8"?>
<robot generator="Robot 6.0.1 (Python 3.10.7 on win32)" generated="20230203 17:53:59.122" rpa="false" schemaversion="3">
<suite id="s1" name="Test02" source="c:\Users\chula\OneDrive\Desktop\Robot_Project3\Test_Cases\Test02.robot">
<test id="s1-t1" name="Test01" line="13">
<kw name="Lancer le navigateur" type="SETUP">
<kw name="Open Browser" library="SeleniumLibrary">
<arg>${URL}</arg>
<arg>${BROWSER}</arg>
<doc>Opens a new browser instance to the optional ``url``.</doc>
<msg timestamp="20230203 17:53:59.595" level="INFO">Opening browser 'chrome' to base url 'https://opensource-demo.orangehrmlive.com/web/index.php/auth/login'.</msg>
<status status="PASS" starttime="20230203 17:53:59.594" endtime="20230203 17:54:07.354"/>
</kw>
<kw name="Maximize Browser Window" library="SeleniumLibrary">
<doc>Maximizes current browser window.</doc>
<status status="PASS" starttime="20230203 17:54:07.355" endtime="20230203 17:54:07.487"/>
</kw>
<kw name="Sleep" library="BuiltIn">
<arg>3</arg>
<doc>Pauses the test executed for the given time.</doc>
<msg timestamp="20230203 17:54:10.493" level="INFO">Slept 3 seconds</msg>
<status status="PASS" starttime="20230203 17:54:07.487" endtime="20230203 17:54:10.494"/>
</kw>
<status status="PASS" starttime="20230203 17:53:59.592" endtime="20230203 17:54:10.495"/>
</kw>
<kw name="Cliquer le lien OrangeHRM.Inc">
<kw name="Click Element" library="SeleniumLibrary">
<arg>xpath://a[@href='http://www.orangehrm.com']</arg>
<doc>Click the element identified by ``locator``.</doc>
<msg timestamp="20230203 17:54:10.507" level="INFO">Clicking element 'xpath://a[@href='http://www.orangehrm.com']'.</msg>
<status status="PASS" starttime="20230203 17:54:10.504" endtime="20230203 17:54:10.696"/>
</kw>
<kw name="Sleep" library="BuiltIn">
<arg>4</arg>
<doc>Pauses the test executed for the given time.</doc>
<msg timestamp="20230203 17:54:14.701" level="INFO">Slept 4 seconds</msg>
<status status="PASS" starttime="20230203 17:54:10.697" endtime="20230203 17:54:14.701"/>
</kw>
<kw name="Input Text" library="SeleniumLibrary">
<arg>id:placeholder</arg>
<arg>text</arg>
<doc>Types the given ``text`` into the text field identified by ``locator``.</doc>
<msg timestamp="20230203 17:54:14.703" level="INFO">Typing text 'text' into text field 'id:placeholder'.</msg>
<msg timestamp="20230203 17:54:14.976" level="INFO" html="true">&lt;/td&gt;&lt;/tr&gt;&lt;tr&gt;&lt;td colspan="3"&gt;&lt;a href="selenium-screenshot-10.png"&gt;&lt;img src="selenium-screenshot-10.png" width="800px"&gt;&lt;/a&gt;</msg>
<msg timestamp="20230203 17:54:14.977" level="FAIL">Element with locator 'id:placeholder' not found.</msg>
<status status="FAIL" starttime="20230203 17:54:14.701" endtime="20230203 17:54:14.981"/>
</kw>
<status status="FAIL" starttime="20230203 17:54:10.502" endtime="20230203 17:54:14.982"/>
</kw>
<kw name="Switcher vers une autre fenetre">
<status status="NOT RUN" starttime="20230203 17:54:14.983" endtime="20230203 17:54:14.984"/>
</kw>
<kw name="Close Browser" library="SeleniumLibrary" type="TEARDOWN">
<doc>Closes the current browser.</doc>
<status status="PASS" starttime="20230203 17:54:14.986" endtime="20230203 17:54:17.506"/>
</kw>
<status status="FAIL" starttime="20230203 17:53:59.590" endtime="20230203 17:54:17.508">Element with locator 'id:placeholder' not found.</status>
</test>
<doc>Expliquer</doc>
<status status="FAIL" starttime="20230203 17:53:59.129" endtime="20230203 17:54:17.513"/>
</suite>
<statistics>
<total>
<stat pass="0" fail="1" skip="0">All Tests</stat>
</total>
<tag>
</tag>
<suite>
<stat pass="0" fail="1" skip="0" id="s1" name="Test02">Test02</stat>
</suite>
</statistics>
<errors>
</errors>
</robot>
